mode: atomic
github.com/khulnasoft/tunnel-kubernetes/pkg/artifacts/artifacts.go:21.110,27.27 5 10
github.com/khulnasoft/tunnel-kubernetes/pkg/artifacts/artifacts.go:27.27,29.17 2 30
github.com/khulnasoft/tunnel-kubernetes/pkg/artifacts/artifacts.go:29.17,31.4 1 0
github.com/khulnasoft/tunnel-kubernetes/pkg/artifacts/artifacts.go:32.3,33.34 2 30
github.com/khulnasoft/tunnel-kubernetes/pkg/artifacts/artifacts.go:33.34,35.18 2 11
github.com/khulnasoft/tunnel-kubernetes/pkg/artifacts/artifacts.go:35.18,37.5 1 0
github.com/khulnasoft/tunnel-kubernetes/pkg/artifacts/artifacts.go:38.4,38.17 1 11
github.com/khulnasoft/tunnel-kubernetes/pkg/artifacts/artifacts.go:38.17,40.5 1 0
github.com/khulnasoft/tunnel-kubernetes/pkg/artifacts/artifacts.go:45.2,46.16 2 10
github.com/khulnasoft/tunnel-kubernetes/pkg/artifacts/artifacts.go:46.16,48.3 1 0
github.com/khulnasoft/tunnel-kubernetes/pkg/artifacts/artifacts.go:49.2,50.34 2 10
github.com/khulnasoft/tunnel-kubernetes/pkg/artifacts/artifacts.go:50.34,52.3 1 0
github.com/khulnasoft/tunnel-kubernetes/pkg/artifacts/artifacts.go:54.2,62.8 1 10
github.com/khulnasoft/tunnel-kubernetes/pkg/artifacts/artifacts.go:65.89,67.16 2 30
github.com/khulnasoft/tunnel-kubernetes/pkg/artifacts/artifacts.go:67.16,69.3 1 0
github.com/khulnasoft/tunnel-kubernetes/pkg/artifacts/artifacts.go:71.2,71.12 1 30
github.com/khulnasoft/tunnel-kubernetes/pkg/artifacts/artifacts.go:71.12,73.3 1 22
github.com/khulnasoft/tunnel-kubernetes/pkg/artifacts/artifacts.go:75.2,76.39 2 8
github.com/khulnasoft/tunnel-kubernetes/pkg/artifacts/artifacts.go:76.39,78.17 2 11
github.com/khulnasoft/tunnel-kubernetes/pkg/artifacts/artifacts.go:78.17,80.4 1 0
github.com/khulnasoft/tunnel-kubernetes/pkg/artifacts/artifacts.go:82.3,82.12 1 11
github.com/khulnasoft/tunnel-kubernetes/pkg/artifacts/artifacts.go:82.12,84.4 1 11
github.com/khulnasoft/tunnel-kubernetes/pkg/artifacts/artifacts.go:87.2,87.20 1 8
github.com/khulnasoft/tunnel-kubernetes/pkg/artifacts/artifacts.go:90.51,91.14 1 10
github.com/khulnasoft/tunnel-kubernetes/pkg/artifacts/artifacts.go:92.19,93.26 1 3
github.com/khulnasoft/tunnel-kubernetes/pkg/artifacts/artifacts.go:94.23,95.69 1 1
github.com/khulnasoft/tunnel-kubernetes/pkg/artifacts/artifacts.go:96.10,97.46 1 6
github.com/khulnasoft/tunnel-kubernetes/pkg/jobs/builder.go:11.46,12.29 1 1
github.com/khulnasoft/tunnel-kubernetes/pkg/jobs/builder.go:12.29,14.3 1 1
github.com/khulnasoft/tunnel-kubernetes/pkg/jobs/builder.go:17.54,18.29 1 0
github.com/khulnasoft/tunnel-kubernetes/pkg/jobs/builder.go:18.29,20.3 1 0
github.com/khulnasoft/tunnel-kubernetes/pkg/jobs/builder.go:22.41,23.29 1 0
github.com/khulnasoft/tunnel-kubernetes/pkg/jobs/builder.go:23.29,25.3 1 0
github.com/khulnasoft/tunnel-kubernetes/pkg/jobs/builder.go:27.48,28.29 1 0
github.com/khulnasoft/tunnel-kubernetes/pkg/jobs/builder.go:28.29,30.3 1 0
github.com/khulnasoft/tunnel-kubernetes/pkg/jobs/builder.go:33.49,34.29 1 0
github.com/khulnasoft/tunnel-kubernetes/pkg/jobs/builder.go:34.29,36.3 1 0
github.com/khulnasoft/tunnel-kubernetes/pkg/jobs/builder.go:39.53,40.29 1 0
github.com/khulnasoft/tunnel-kubernetes/pkg/jobs/builder.go:40.29,42.3 1 0
github.com/khulnasoft/tunnel-kubernetes/pkg/jobs/builder.go:45.62,46.29 1 0
github.com/khulnasoft/tunnel-kubernetes/pkg/jobs/builder.go:46.29,48.3 1 0
github.com/khulnasoft/tunnel-kubernetes/pkg/jobs/builder.go:51.65,52.29 1 0
github.com/khulnasoft/tunnel-kubernetes/pkg/jobs/builder.go:52.29,54.3 1 0
github.com/khulnasoft/tunnel-kubernetes/pkg/jobs/builder.go:57.64,58.29 1 0
github.com/khulnasoft/tunnel-kubernetes/pkg/jobs/builder.go:58.29,60.3 1 0
github.com/khulnasoft/tunnel-kubernetes/pkg/jobs/builder.go:63.59,64.29 1 0
github.com/khulnasoft/tunnel-kubernetes/pkg/jobs/builder.go:64.29,66.3 1 0
github.com/khulnasoft/tunnel-kubernetes/pkg/jobs/builder.go:69.77,70.29 1 0
github.com/khulnasoft/tunnel-kubernetes/pkg/jobs/builder.go:70.29,72.3 1 0
github.com/khulnasoft/tunnel-kubernetes/pkg/jobs/builder.go:75.86,76.29 1 0
github.com/khulnasoft/tunnel-kubernetes/pkg/jobs/builder.go:76.29,78.3 1 0
github.com/khulnasoft/tunnel-kubernetes/pkg/jobs/builder.go:81.56,82.29 1 0
github.com/khulnasoft/tunnel-kubernetes/pkg/jobs/builder.go:82.29,84.3 1 0
github.com/khulnasoft/tunnel-kubernetes/pkg/jobs/builder.go:86.77,87.29 1 0
github.com/khulnasoft/tunnel-kubernetes/pkg/jobs/builder.go:87.29,89.3 1 0
github.com/khulnasoft/tunnel-kubernetes/pkg/jobs/builder.go:92.85,93.29 1 0
github.com/khulnasoft/tunnel-kubernetes/pkg/jobs/builder.go:93.29,95.3 1 0
github.com/khulnasoft/tunnel-kubernetes/pkg/jobs/builder.go:98.74,99.29 1 0
github.com/khulnasoft/tunnel-kubernetes/pkg/jobs/builder.go:99.29,101.3 1 0
github.com/khulnasoft/tunnel-kubernetes/pkg/jobs/builder.go:104.54,106.27 2 1
github.com/khulnasoft/tunnel-kubernetes/pkg/jobs/builder.go:106.27,108.3 1 1
github.com/khulnasoft/tunnel-kubernetes/pkg/jobs/builder.go:109.2,109.19 1 1
github.com/khulnasoft/tunnel-kubernetes/pkg/jobs/builder.go:131.52,136.16 4 1
github.com/khulnasoft/tunnel-kubernetes/pkg/jobs/builder.go:136.16,138.3 1 0
github.com/khulnasoft/tunnel-kubernetes/pkg/jobs/builder.go:139.2,140.21 2 1
github.com/khulnasoft/tunnel-kubernetes/pkg/jobs/builder.go:140.21,142.3 1 0
github.com/khulnasoft/tunnel-kubernetes/pkg/jobs/builder.go:143.2,143.25 1 1
github.com/khulnasoft/tunnel-kubernetes/pkg/jobs/builder.go:143.25,145.3 1 0
github.com/khulnasoft/tunnel-kubernetes/pkg/jobs/builder.go:147.2,147.26 1 1
github.com/khulnasoft/tunnel-kubernetes/pkg/jobs/builder.go:147.26,151.3 1 0
github.com/khulnasoft/tunnel-kubernetes/pkg/jobs/builder.go:153.2,153.33 1 1
github.com/khulnasoft/tunnel-kubernetes/pkg/jobs/builder.go:153.33,154.24 1 0
github.com/khulnasoft/tunnel-kubernetes/pkg/jobs/builder.go:154.24,156.4 1 0
github.com/khulnasoft/tunnel-kubernetes/pkg/jobs/builder.go:157.3,157.24 1 0
github.com/khulnasoft/tunnel-kubernetes/pkg/jobs/builder.go:160.2,160.38 1 1
github.com/khulnasoft/tunnel-kubernetes/pkg/jobs/builder.go:160.38,161.29 1 0
github.com/khulnasoft/tunnel-kubernetes/pkg/jobs/builder.go:161.29,163.4 1 0
github.com/khulnasoft/tunnel-kubernetes/pkg/jobs/builder.go:164.3,164.29 1 0
github.com/khulnasoft/tunnel-kubernetes/pkg/jobs/builder.go:166.2,166.31 1 1
github.com/khulnasoft/tunnel-kubernetes/pkg/jobs/builder.go:166.31,168.3 1 0
github.com/khulnasoft/tunnel-kubernetes/pkg/jobs/builder.go:169.2,169.28 1 1
github.com/khulnasoft/tunnel-kubernetes/pkg/jobs/builder.go:169.28,171.3 1 0
github.com/khulnasoft/tunnel-kubernetes/pkg/jobs/builder.go:172.2,172.31 1 1
github.com/khulnasoft/tunnel-kubernetes/pkg/jobs/builder.go:172.31,174.3 1 0
github.com/khulnasoft/tunnel-kubernetes/pkg/jobs/builder.go:175.2,175.33 1 1
github.com/khulnasoft/tunnel-kubernetes/pkg/jobs/builder.go:175.33,177.3 1 0
github.com/khulnasoft/tunnel-kubernetes/pkg/jobs/builder.go:178.2,178.30 1 1
github.com/khulnasoft/tunnel-kubernetes/pkg/jobs/builder.go:178.30,180.3 1 0
github.com/khulnasoft/tunnel-kubernetes/pkg/jobs/builder.go:181.2,181.24 1 1
github.com/khulnasoft/tunnel-kubernetes/pkg/jobs/builder.go:181.24,183.3 1 0
github.com/khulnasoft/tunnel-kubernetes/pkg/jobs/builder.go:184.2,184.33 1 1
github.com/khulnasoft/tunnel-kubernetes/pkg/jobs/builder.go:184.33,186.3 1 0
github.com/khulnasoft/tunnel-kubernetes/pkg/jobs/builder.go:187.2,187.35 1 1
github.com/khulnasoft/tunnel-kubernetes/pkg/jobs/builder.go:187.35,188.55 1 0
github.com/khulnasoft/tunnel-kubernetes/pkg/jobs/builder.go:188.55,190.4 1 0
github.com/khulnasoft/tunnel-kubernetes/pkg/jobs/builder.go:192.2,192.29 1 1
github.com/khulnasoft/tunnel-kubernetes/pkg/jobs/builder.go:192.29,194.3 1 0
github.com/khulnasoft/tunnel-kubernetes/pkg/jobs/builder.go:195.2,195.18 1 1
github.com/khulnasoft/tunnel-kubernetes/pkg/jobs/collector.go:57.58,58.32 1 0
github.com/khulnasoft/tunnel-kubernetes/pkg/jobs/collector.go:58.32,60.3 1 0
github.com/khulnasoft/tunnel-kubernetes/pkg/jobs/collector.go:63.62,64.32 1 0
github.com/khulnasoft/tunnel-kubernetes/pkg/jobs/collector.go:64.32,65.23 1 0
github.com/khulnasoft/tunnel-kubernetes/pkg/jobs/collector.go:65.23,67.4 1 0
github.com/khulnasoft/tunnel-kubernetes/pkg/jobs/collector.go:68.3,68.35 1 0
github.com/khulnasoft/tunnel-kubernetes/pkg/jobs/collector.go:68.35,70.4 1 0
github.com/khulnasoft/tunnel-kubernetes/pkg/jobs/collector.go:74.70,75.32 1 0
github.com/khulnasoft/tunnel-kubernetes/pkg/jobs/collector.go:75.32,77.3 1 0
github.com/khulnasoft/tunnel-kubernetes/pkg/jobs/collector.go:80.57,81.32 1 0
github.com/khulnasoft/tunnel-kubernetes/pkg/jobs/collector.go:81.32,83.3 1 0
github.com/khulnasoft/tunnel-kubernetes/pkg/jobs/collector.go:86.73,87.32 1 0
github.com/khulnasoft/tunnel-kubernetes/pkg/jobs/collector.go:87.32,89.3 1 0
github.com/khulnasoft/tunnel-kubernetes/pkg/jobs/collector.go:92.74,93.32 1 0
github.com/khulnasoft/tunnel-kubernetes/pkg/jobs/collector.go:93.32,95.3 1 0
github.com/khulnasoft/tunnel-kubernetes/pkg/jobs/collector.go:98.44,99.32 1 0
github.com/khulnasoft/tunnel-kubernetes/pkg/jobs/collector.go:99.32,101.3 1 0
github.com/khulnasoft/tunnel-kubernetes/pkg/jobs/collector.go:104.52,105.32 1 0
github.com/khulnasoft/tunnel-kubernetes/pkg/jobs/collector.go:105.32,107.3 1 0
github.com/khulnasoft/tunnel-kubernetes/pkg/jobs/collector.go:110.52,111.32 1 0
github.com/khulnasoft/tunnel-kubernetes/pkg/jobs/collector.go:111.32,113.3 1 0
github.com/khulnasoft/tunnel-kubernetes/pkg/jobs/collector.go:116.55,117.32 1 0
github.com/khulnasoft/tunnel-kubernetes/pkg/jobs/collector.go:117.32,119.3 1 0
github.com/khulnasoft/tunnel-kubernetes/pkg/jobs/collector.go:122.89,123.31 1 0
github.com/khulnasoft/tunnel-kubernetes/pkg/jobs/collector.go:123.31,125.3 1 0
github.com/khulnasoft/tunnel-kubernetes/pkg/jobs/collector.go:128.92,129.32 1 0
github.com/khulnasoft/tunnel-kubernetes/pkg/jobs/collector.go:129.32,131.3 1 0
github.com/khulnasoft/tunnel-kubernetes/pkg/jobs/collector.go:134.96,135.32 1 0
github.com/khulnasoft/tunnel-kubernetes/pkg/jobs/collector.go:135.32,137.3 1 0
github.com/khulnasoft/tunnel-kubernetes/pkg/jobs/collector.go:140.59,141.32 1 0
github.com/khulnasoft/tunnel-kubernetes/pkg/jobs/collector.go:141.32,143.3 1 0
github.com/khulnasoft/tunnel-kubernetes/pkg/jobs/collector.go:145.74,146.32 1 0
github.com/khulnasoft/tunnel-kubernetes/pkg/jobs/collector.go:146.32,148.3 1 0
github.com/khulnasoft/tunnel-kubernetes/pkg/jobs/collector.go:151.94,152.32 1 0
github.com/khulnasoft/tunnel-kubernetes/pkg/jobs/collector.go:152.32,154.3 1 0
github.com/khulnasoft/tunnel-kubernetes/pkg/jobs/collector.go:160.13,166.27 2 0
github.com/khulnasoft/tunnel-kubernetes/pkg/jobs/collector.go:166.27,168.3 1 0
github.com/khulnasoft/tunnel-kubernetes/pkg/jobs/collector.go:169.2,169.11 1 0
github.com/khulnasoft/tunnel-kubernetes/pkg/jobs/collector.go:173.63,174.27 1 0
github.com/khulnasoft/tunnel-kubernetes/pkg/jobs/collector.go:174.27,176.3 1 0
github.com/khulnasoft/tunnel-kubernetes/pkg/jobs/collector.go:187.95,210.16 2 0
github.com/khulnasoft/tunnel-kubernetes/pkg/jobs/collector.go:210.16,212.3 1 0
github.com/khulnasoft/tunnel-kubernetes/pkg/jobs/collector.go:214.2,215.16 2 0
github.com/khulnasoft/tunnel-kubernetes/pkg/jobs/collector.go:215.16,216.34 1 0
github.com/khulnasoft/tunnel-kubernetes/pkg/jobs/collector.go:216.34,219.18 3 0
github.com/khulnasoft/tunnel-kubernetes/pkg/jobs/collector.go:219.18,221.5 1 0
github.com/khulnasoft/tunnel-kubernetes/pkg/jobs/collector.go:224.2,225.16 2 0
github.com/khulnasoft/tunnel-kubernetes/pkg/jobs/collector.go:225.16,227.3 1 0
github.com/khulnasoft/tunnel-kubernetes/pkg/jobs/collector.go:228.2,228.15 1 0
github.com/khulnasoft/tunnel-kubernetes/pkg/jobs/collector.go:228.15,233.3 2 0
github.com/khulnasoft/tunnel-kubernetes/pkg/jobs/collector.go:235.2,236.16 2 0
github.com/khulnasoft/tunnel-kubernetes/pkg/jobs/collector.go:236.16,238.3 1 0
github.com/khulnasoft/tunnel-kubernetes/pkg/jobs/collector.go:239.2,239.15 1 0
github.com/khulnasoft/tunnel-kubernetes/pkg/jobs/collector.go:239.15,241.3 1 0
github.com/khulnasoft/tunnel-kubernetes/pkg/jobs/collector.go:242.2,243.16 2 0
github.com/khulnasoft/tunnel-kubernetes/pkg/jobs/collector.go:243.16,245.3 1 0
github.com/khulnasoft/tunnel-kubernetes/pkg/jobs/collector.go:246.2,246.28 1 0
github.com/khulnasoft/tunnel-kubernetes/pkg/jobs/collector.go:250.91,268.16 2 0
github.com/khulnasoft/tunnel-kubernetes/pkg/jobs/collector.go:268.16,270.3 1 0
github.com/khulnasoft/tunnel-kubernetes/pkg/jobs/collector.go:272.2,273.16 2 0
github.com/khulnasoft/tunnel-kubernetes/pkg/jobs/collector.go:273.16,275.3 1 0
github.com/khulnasoft/tunnel-kubernetes/pkg/jobs/collector.go:276.2,276.17 1 0
github.com/khulnasoft/tunnel-kubernetes/pkg/jobs/collector.go:279.68,284.2 2 0
github.com/khulnasoft/tunnel-kubernetes/pkg/jobs/collector.go:286.92,288.2 1 0
github.com/khulnasoft/tunnel-kubernetes/pkg/jobs/collector.go:290.54,292.2 1 0
github.com/khulnasoft/tunnel-kubernetes/pkg/jobs/loader.go:22.13,25.24 3 1
github.com/khulnasoft/tunnel-kubernetes/pkg/jobs/loader.go:25.24,26.43 1 1
github.com/khulnasoft/tunnel-kubernetes/pkg/jobs/loader.go:26.43,27.12 1 0
github.com/khulnasoft/tunnel-kubernetes/pkg/jobs/loader.go:29.3,30.17 2 1
github.com/khulnasoft/tunnel-kubernetes/pkg/jobs/loader.go:30.17,31.14 1 0
github.com/khulnasoft/tunnel-kubernetes/pkg/jobs/loader.go:33.3,34.17 2 1
github.com/khulnasoft/tunnel-kubernetes/pkg/jobs/loader.go:34.17,35.14 1 0
github.com/khulnasoft/tunnel-kubernetes/pkg/jobs/loader.go:37.3,39.17 3 1
github.com/khulnasoft/tunnel-kubernetes/pkg/jobs/loader.go:39.17,40.14 1 0
github.com/khulnasoft/tunnel-kubernetes/pkg/jobs/loader.go:42.3,42.71 1 1
github.com/khulnasoft/tunnel-kubernetes/pkg/jobs/loader.go:42.71,43.51 1 1
github.com/khulnasoft/tunnel-kubernetes/pkg/jobs/loader.go:43.51,45.5 1 1
github.com/khulnasoft/tunnel-kubernetes/pkg/jobs/loader.go:51.38,52.46 1 2
github.com/khulnasoft/tunnel-kubernetes/pkg/jobs/loader.go:52.46,54.3 1 2
github.com/khulnasoft/tunnel-kubernetes/pkg/jobs/loader.go:55.2,55.11 1 0
github.com/khulnasoft/tunnel-kubernetes/pkg/jobs/logs.go:28.63,32.2 1 0
github.com/khulnasoft/tunnel-kubernetes/pkg/jobs/logs.go:35.135,37.16 2 0
github.com/khulnasoft/tunnel-kubernetes/pkg/jobs/logs.go:37.16,39.3 1 0
github.com/khulnasoft/tunnel-kubernetes/pkg/jobs/logs.go:40.2,40.16 1 0
github.com/khulnasoft/tunnel-kubernetes/pkg/jobs/logs.go:40.16,42.3 1 0
github.com/khulnasoft/tunnel-kubernetes/pkg/jobs/logs.go:44.2,48.17 1 0
github.com/khulnasoft/tunnel-kubernetes/pkg/jobs/logs.go:52.151,54.16 2 0
github.com/khulnasoft/tunnel-kubernetes/pkg/jobs/logs.go:54.16,56.3 1 0
github.com/khulnasoft/tunnel-kubernetes/pkg/jobs/logs.go:57.2,58.22 2 0
github.com/khulnasoft/tunnel-kubernetes/pkg/jobs/logs.go:61.94,63.16 2 0
github.com/khulnasoft/tunnel-kubernetes/pkg/jobs/logs.go:63.16,65.3 1 0
github.com/khulnasoft/tunnel-kubernetes/pkg/jobs/logs.go:66.2,68.34 3 0
github.com/khulnasoft/tunnel-kubernetes/pkg/jobs/logs.go:68.34,71.3 2 0
github.com/khulnasoft/tunnel-kubernetes/pkg/jobs/logs.go:72.2,75.16 3 0
github.com/khulnasoft/tunnel-kubernetes/pkg/jobs/logs.go:75.16,77.3 1 0
github.com/khulnasoft/tunnel-kubernetes/pkg/jobs/logs.go:78.2,78.46 1 0
github.com/khulnasoft/tunnel-kubernetes/pkg/jobs/logs.go:78.46,80.3 1 0
github.com/khulnasoft/tunnel-kubernetes/pkg/jobs/logs.go:81.2,81.17 1 0
github.com/khulnasoft/tunnel-kubernetes/pkg/jobs/logs.go:85.104,87.16 2 0
github.com/khulnasoft/tunnel-kubernetes/pkg/jobs/logs.go:87.16,89.3 1 0
github.com/khulnasoft/tunnel-kubernetes/pkg/jobs/logs.go:90.2,90.58 1 0
github.com/khulnasoft/tunnel-kubernetes/pkg/jobs/logs.go:90.58,91.37 1 0
github.com/khulnasoft/tunnel-kubernetes/pkg/jobs/logs.go:91.37,92.12 1 0
github.com/khulnasoft/tunnel-kubernetes/pkg/jobs/logs.go:94.3,94.48 1 0
github.com/khulnasoft/tunnel-kubernetes/pkg/jobs/logs.go:96.2,96.54 1 0
github.com/khulnasoft/tunnel-kubernetes/pkg/jobs/logs.go:96.54,97.37 1 0
github.com/khulnasoft/tunnel-kubernetes/pkg/jobs/logs.go:97.37,98.12 1 0
github.com/khulnasoft/tunnel-kubernetes/pkg/jobs/logs.go:100.3,100.48 1 0
github.com/khulnasoft/tunnel-kubernetes/pkg/jobs/logs.go:102.2,102.15 1 0
github.com/khulnasoft/tunnel-kubernetes/pkg/jobs/logs.go:105.51,107.2 1 0
github.com/khulnasoft/tunnel-kubernetes/pkg/jobs/runnable_job.go:31.12,37.2 1 0
github.com/khulnasoft/tunnel-kubernetes/pkg/jobs/runnable_job.go:41.54,44.16 3 0
github.com/khulnasoft/tunnel-kubernetes/pkg/jobs/runnable_job.go:44.16,46.3 1 0
github.com/khulnasoft/tunnel-kubernetes/pkg/jobs/runnable_job.go:47.2,56.43 4 0
github.com/khulnasoft/tunnel-kubernetes/pkg/jobs/runnable_job.go:56.43,58.11 2 0
github.com/khulnasoft/tunnel-kubernetes/pkg/jobs/runnable_job.go:58.11,60.5 1 0
github.com/khulnasoft/tunnel-kubernetes/pkg/jobs/runnable_job.go:61.4,61.31 1 0
github.com/khulnasoft/tunnel-kubernetes/pkg/jobs/runnable_job.go:61.31,63.5 1 0
github.com/khulnasoft/tunnel-kubernetes/pkg/jobs/runnable_job.go:64.4,64.42 1 0
github.com/khulnasoft/tunnel-kubernetes/pkg/jobs/runnable_job.go:64.42,66.5 1 0
github.com/khulnasoft/tunnel-kubernetes/pkg/jobs/runnable_job.go:67.4,67.68 1 0
github.com/khulnasoft/tunnel-kubernetes/pkg/jobs/runnable_job.go:68.29,70.20 2 0
github.com/khulnasoft/tunnel-kubernetes/pkg/jobs/runnable_job.go:71.27,73.86 2 0
github.com/khulnasoft/tunnel-kubernetes/pkg/jobs/runnable_job.go:77.2,77.16 1 0
github.com/khulnasoft/tunnel-kubernetes/pkg/jobs/runnable_job.go:77.16,79.3 1 0
github.com/khulnasoft/tunnel-kubernetes/pkg/jobs/runnable_job.go:80.2,82.34 2 0
github.com/khulnasoft/tunnel-kubernetes/pkg/jobs/runnable_job.go:82.34,84.45 2 0
github.com/khulnasoft/tunnel-kubernetes/pkg/jobs/runnable_job.go:84.45,86.5 1 0
github.com/khulnasoft/tunnel-kubernetes/pkg/jobs/runnable_job.go:88.4,88.44 1 0
github.com/khulnasoft/tunnel-kubernetes/pkg/jobs/runnable_job.go:88.44,90.5 1 0
github.com/khulnasoft/tunnel-kubernetes/pkg/jobs/runnable_job.go:92.4,92.45 1 0
github.com/khulnasoft/tunnel-kubernetes/pkg/jobs/runnable_job.go:92.45,95.5 2 0
github.com/khulnasoft/tunnel-kubernetes/pkg/jobs/runnable_job.go:98.2,98.16 1 0
github.com/khulnasoft/tunnel-kubernetes/pkg/jobs/runnable_job.go:98.16,100.3 1 0
github.com/khulnasoft/tunnel-kubernetes/pkg/jobs/runnable_job.go:101.2,106.16 4 0
github.com/khulnasoft/tunnel-kubernetes/pkg/jobs/runnable_job.go:106.16,108.3 1 0
github.com/khulnasoft/tunnel-kubernetes/pkg/jobs/runnable_job.go:110.2,110.12 1 0
github.com/khulnasoft/tunnel-kubernetes/pkg/jobs/runnable_job.go:113.74,115.16 2 0
github.com/khulnasoft/tunnel-kubernetes/pkg/jobs/runnable_job.go:115.16,117.3 1 0
github.com/khulnasoft/tunnel-kubernetes/pkg/jobs/runnable_job.go:119.2,119.42 1 0
github.com/khulnasoft/tunnel-kubernetes/pkg/jobs/runnable_job.go:119.42,120.27 1 0
github.com/khulnasoft/tunnel-kubernetes/pkg/jobs/runnable_job.go:120.27,121.12 1 0
github.com/khulnasoft/tunnel-kubernetes/pkg/jobs/runnable_job.go:123.3,123.95 1 0
github.com/khulnasoft/tunnel-kubernetes/pkg/jobs/runnable_job.go:127.55,128.11 1 0
github.com/khulnasoft/tunnel-kubernetes/pkg/jobs/runnable_job.go:128.11,130.3 1 0
github.com/khulnasoft/tunnel-kubernetes/pkg/jobs/runnable_job.go:131.2,131.12 1 0
github.com/khulnasoft/tunnel-kubernetes/pkg/jobs/runner.go:26.54,28.2 1 0
github.com/khulnasoft/tunnel-kubernetes/pkg/jobs/runner.go:38.39,43.27 2 0
github.com/khulnasoft/tunnel-kubernetes/pkg/jobs/runner.go:43.27,45.3 1 0
github.com/khulnasoft/tunnel-kubernetes/pkg/jobs/runner.go:46.2,46.10 1 0
github.com/khulnasoft/tunnel-kubernetes/pkg/jobs/runner.go:51.54,52.25 1 0
github.com/khulnasoft/tunnel-kubernetes/pkg/jobs/runner.go:52.25,54.3 1 0
github.com/khulnasoft/tunnel-kubernetes/pkg/jobs/runner.go:65.64,66.12 1 0
github.com/khulnasoft/tunnel-kubernetes/pkg/jobs/runner.go:66.12,68.3 1 0
github.com/khulnasoft/tunnel-kubernetes/pkg/jobs/runner.go:69.2,69.27 1 0
github.com/khulnasoft/tunnel-kubernetes/pkg/jobs/runner.go:69.27,71.3 1 0
github.com/khulnasoft/tunnel-kubernetes/pkg/jobs/runner.go:72.2,72.30 1 0
github.com/khulnasoft/tunnel-kubernetes/pkg/jobs/runner.go:76.44,78.2 1 0
github.com/khulnasoft/tunnel-kubernetes/pkg/jobs/runner.go:80.60,82.34 1 0
github.com/khulnasoft/tunnel-kubernetes/pkg/jobs/runner.go:82.34,86.3 3 0
github.com/khulnasoft/tunnel-kubernetes/pkg/jobs/runner.go:87.2,88.9 2 0
github.com/khulnasoft/tunnel-kubernetes/pkg/jobs/runner.go:90.27,92.13 2 0
github.com/khulnasoft/tunnel-kubernetes/pkg/jobs/runner.go:94.20,96.20 2 0
github.com/khulnasoft/tunnel-kubernetes/pkg/jobs/util.go:15.42,19.2 3 1
github.com/khulnasoft/tunnel-kubernetes/pkg/jobs/util.go:24.66,33.2 3 1
github.com/khulnasoft/tunnel-kubernetes/pkg/k8s/k8s.go:129.48,130.48 1 0
github.com/khulnasoft/tunnel-kubernetes/pkg/k8s/k8s.go:130.48,132.3 1 0
github.com/khulnasoft/tunnel-kubernetes/pkg/k8s/k8s.go:136.54,137.48 1 0
github.com/khulnasoft/tunnel-kubernetes/pkg/k8s/k8s.go:137.48,139.3 1 0
github.com/khulnasoft/tunnel-kubernetes/pkg/k8s/k8s.go:143.57,145.27 2 0
github.com/khulnasoft/tunnel-kubernetes/pkg/k8s/k8s.go:145.27,147.3 1 0
github.com/khulnasoft/tunnel-kubernetes/pkg/k8s/k8s.go:150.2,155.16 4 0
github.com/khulnasoft/tunnel-kubernetes/pkg/k8s/k8s.go:155.16,157.3 1 0
github.com/khulnasoft/tunnel-kubernetes/pkg/k8s/k8s.go:159.2,159.65 1 0
github.com/khulnasoft/tunnel-kubernetes/pkg/k8s/k8s.go:162.140,164.16 2 4
github.com/khulnasoft/tunnel-kubernetes/pkg/k8s/k8s.go:164.16,166.3 1 0
github.com/khulnasoft/tunnel-kubernetes/pkg/k8s/k8s.go:168.2,169.16 2 4
github.com/khulnasoft/tunnel-kubernetes/pkg/k8s/k8s.go:169.16,171.3 1 0
github.com/khulnasoft/tunnel-kubernetes/pkg/k8s/k8s.go:172.2,175.16 3 4
github.com/khulnasoft/tunnel-kubernetes/pkg/k8s/k8s.go:175.16,177.3 1 0
github.com/khulnasoft/tunnel-kubernetes/pkg/k8s/k8s.go:178.2,179.16 2 4
github.com/khulnasoft/tunnel-kubernetes/pkg/k8s/k8s.go:179.16,181.3 1 0
github.com/khulnasoft/tunnel-kubernetes/pkg/k8s/k8s.go:183.2,185.30 2 4
github.com/khulnasoft/tunnel-kubernetes/pkg/k8s/k8s.go:185.30,187.3 1 4
github.com/khulnasoft/tunnel-kubernetes/pkg/k8s/k8s.go:188.2,188.56 1 4
github.com/khulnasoft/tunnel-kubernetes/pkg/k8s/k8s.go:188.56,190.3 1 4
github.com/khulnasoft/tunnel-kubernetes/pkg/k8s/k8s.go:192.2,192.25 1 4
github.com/khulnasoft/tunnel-kubernetes/pkg/k8s/k8s.go:192.25,194.3 1 3
github.com/khulnasoft/tunnel-kubernetes/pkg/k8s/k8s.go:195.2,196.17 2 4
github.com/khulnasoft/tunnel-kubernetes/pkg/k8s/k8s.go:196.17,198.17 2 0
github.com/khulnasoft/tunnel-kubernetes/pkg/k8s/k8s.go:198.17,200.4 1 0
github.com/khulnasoft/tunnel-kubernetes/pkg/k8s/k8s.go:201.3,201.57 1 0
github.com/khulnasoft/tunnel-kubernetes/pkg/k8s/k8s.go:203.2,211.8 1 4
github.com/khulnasoft/tunnel-kubernetes/pkg/k8s/k8s.go:215.46,217.2 1 0
github.com/khulnasoft/tunnel-kubernetes/pkg/k8s/k8s.go:220.46,222.2 1 0
github.com/khulnasoft/tunnel-kubernetes/pkg/k8s/k8s.go:225.48,227.2 1 2
github.com/khulnasoft/tunnel-kubernetes/pkg/k8s/k8s.go:230.56,232.2 1 0
github.com/khulnasoft/tunnel-kubernetes/pkg/k8s/k8s.go:235.59,237.2 1 0
github.com/khulnasoft/tunnel-kubernetes/pkg/k8s/k8s.go:242.103,244.25 2 0
github.com/khulnasoft/tunnel-kubernetes/pkg/k8s/k8s.go:244.25,246.18 2 0
github.com/khulnasoft/tunnel-kubernetes/pkg/k8s/k8s.go:246.18,248.4 1 0
github.com/khulnasoft/tunnel-kubernetes/pkg/k8s/k8s.go:250.2,250.37 1 0
github.com/khulnasoft/tunnel-kubernetes/pkg/k8s/k8s.go:250.37,252.17 2 0
github.com/khulnasoft/tunnel-kubernetes/pkg/k8s/k8s.go:252.17,254.4 1 0
github.com/khulnasoft/tunnel-kubernetes/pkg/k8s/k8s.go:256.3,256.27 1 0
github.com/khulnasoft/tunnel-kubernetes/pkg/k8s/k8s.go:259.2,259.18 1 0
github.com/khulnasoft/tunnel-kubernetes/pkg/k8s/k8s.go:262.76,264.2 1 2
github.com/khulnasoft/tunnel-kubernetes/pkg/k8s/k8s.go:267.62,268.42 1 20
github.com/khulnasoft/tunnel-kubernetes/pkg/k8s/k8s.go:268.42,269.24 1 57
github.com/khulnasoft/tunnel-kubernetes/pkg/k8s/k8s.go:269.24,271.4 1 3
github.com/khulnasoft/tunnel-kubernetes/pkg/k8s/k8s.go:273.2,273.14 1 17
github.com/khulnasoft/tunnel-kubernetes/pkg/k8s/k8s.go:278.62,287.2 1 0
github.com/khulnasoft/tunnel-kubernetes/pkg/k8s/k8s.go:289.37,295.2 1 21
github.com/khulnasoft/tunnel-kubernetes/pkg/k8s/k8s.go:297.39,317.2 1 1
github.com/khulnasoft/tunnel-kubernetes/pkg/k8s/k8s.go:319.78,325.21 3 0
github.com/khulnasoft/tunnel-kubernetes/pkg/k8s/k8s.go:325.21,332.3 1 0
github.com/khulnasoft/tunnel-kubernetes/pkg/k8s/k8s.go:333.2,334.16 2 0
github.com/khulnasoft/tunnel-kubernetes/pkg/k8s/k8s.go:334.16,336.3 1 0
github.com/khulnasoft/tunnel-kubernetes/pkg/k8s/k8s.go:337.2,341.16 3 0
github.com/khulnasoft/tunnel-kubernetes/pkg/k8s/k8s.go:341.16,343.3 1 0
github.com/khulnasoft/tunnel-kubernetes/pkg/k8s/k8s.go:344.2,346.16 3 0
github.com/khulnasoft/tunnel-kubernetes/pkg/k8s/k8s.go:346.16,348.3 1 0
github.com/khulnasoft/tunnel-kubernetes/pkg/k8s/k8s.go:349.2,349.51 1 0
github.com/khulnasoft/tunnel-kubernetes/pkg/k8s/k8s.go:352.113,363.2 3 1
github.com/khulnasoft/tunnel-kubernetes/pkg/k8s/k8s.go:365.84,367.16 2 0
github.com/khulnasoft/tunnel-kubernetes/pkg/k8s/k8s.go:367.16,369.3 1 0
github.com/khulnasoft/tunnel-kubernetes/pkg/k8s/k8s.go:370.2,371.35 2 0
github.com/khulnasoft/tunnel-kubernetes/pkg/k8s/k8s.go:371.35,374.44 3 0
github.com/khulnasoft/tunnel-kubernetes/pkg/k8s/k8s.go:374.44,375.33 1 0
github.com/khulnasoft/tunnel-kubernetes/pkg/k8s/k8s.go:375.33,376.37 1 0
github.com/khulnasoft/tunnel-kubernetes/pkg/k8s/k8s.go:376.37,378.42 2 0
github.com/khulnasoft/tunnel-kubernetes/pkg/k8s/k8s.go:378.42,380.7 1 0
github.com/khulnasoft/tunnel-kubernetes/pkg/k8s/k8s.go:384.3,385.36 2 0
github.com/khulnasoft/tunnel-kubernetes/pkg/k8s/k8s.go:387.2,387.23 1 0
github.com/khulnasoft/tunnel-kubernetes/pkg/k8s/k8s.go:390.42,392.71 2 1
github.com/khulnasoft/tunnel-kubernetes/pkg/k8s/k8s.go:392.71,394.3 1 0
github.com/khulnasoft/tunnel-kubernetes/pkg/k8s/k8s.go:395.2,395.64 1 1
github.com/khulnasoft/tunnel-kubernetes/pkg/k8s/k8s.go:395.64,397.3 1 1
github.com/khulnasoft/tunnel-kubernetes/pkg/k8s/k8s.go:398.2,411.3 1 1
github.com/khulnasoft/tunnel-kubernetes/pkg/k8s/k8s.go:414.137,416.16 2 0
github.com/khulnasoft/tunnel-kubernetes/pkg/k8s/k8s.go:416.16,418.3 1 0
github.com/khulnasoft/tunnel-kubernetes/pkg/k8s/k8s.go:419.2,419.18 1 0
github.com/khulnasoft/tunnel-kubernetes/pkg/k8s/k8s.go:422.109,424.47 2 0
github.com/khulnasoft/tunnel-kubernetes/pkg/k8s/k8s.go:424.47,426.17 2 0
github.com/khulnasoft/tunnel-kubernetes/pkg/k8s/k8s.go:426.17,427.12 1 0
github.com/khulnasoft/tunnel-kubernetes/pkg/k8s/k8s.go:429.3,429.34 1 0
github.com/khulnasoft/tunnel-kubernetes/pkg/k8s/k8s.go:429.34,431.18 2 0
github.com/khulnasoft/tunnel-kubernetes/pkg/k8s/k8s.go:431.18,432.13 1 0
github.com/khulnasoft/tunnel-kubernetes/pkg/k8s/k8s.go:434.4,434.40 1 0
github.com/khulnasoft/tunnel-kubernetes/pkg/k8s/k8s.go:437.2,437.24 1 0
github.com/khulnasoft/tunnel-kubernetes/pkg/k8s/k8s.go:440.76,442.49 2 1
github.com/khulnasoft/tunnel-kubernetes/pkg/k8s/k8s.go:442.49,444.17 2 1
github.com/khulnasoft/tunnel-kubernetes/pkg/k8s/k8s.go:444.17,446.4 1 0
github.com/khulnasoft/tunnel-kubernetes/pkg/k8s/k8s.go:447.3,448.24 2 1
github.com/khulnasoft/tunnel-kubernetes/pkg/k8s/k8s.go:448.24,449.12 1 0
github.com/khulnasoft/tunnel-kubernetes/pkg/k8s/k8s.go:451.3,452.17 2 1
github.com/khulnasoft/tunnel-kubernetes/pkg/k8s/k8s.go:452.17,454.4 1 0
github.com/khulnasoft/tunnel-kubernetes/pkg/k8s/k8s.go:455.3,456.17 2 1
github.com/khulnasoft/tunnel-kubernetes/pkg/k8s/k8s.go:456.17,457.12 1 0
github.com/khulnasoft/tunnel-kubernetes/pkg/k8s/k8s.go:459.3,459.38 1 1
github.com/khulnasoft/tunnel-kubernetes/pkg/k8s/k8s.go:461.2,463.8 3 1
github.com/khulnasoft/tunnel-kubernetes/pkg/k8s/k8s.go:463.8,465.3 1 1
github.com/khulnasoft/tunnel-kubernetes/pkg/k8s/k8s.go:467.2,468.56 2 1
github.com/khulnasoft/tunnel-kubernetes/pkg/k8s/k8s.go:468.56,470.3 1 1
github.com/khulnasoft/tunnel-kubernetes/pkg/k8s/k8s.go:471.2,473.22 3 1
github.com/khulnasoft/tunnel-kubernetes/pkg/k8s/k8s.go:473.22,475.3 1 1
github.com/khulnasoft/tunnel-kubernetes/pkg/k8s/k8s.go:476.2,483.8 2 1
github.com/khulnasoft/tunnel-kubernetes/pkg/k8s/k8s.go:486.75,487.31 1 1
github.com/khulnasoft/tunnel-kubernetes/pkg/k8s/k8s.go:487.31,488.35 1 1
github.com/khulnasoft/tunnel-kubernetes/pkg/k8s/k8s.go:488.35,490.4 1 1
github.com/khulnasoft/tunnel-kubernetes/pkg/k8s/k8s.go:492.2,492.11 1 0
github.com/khulnasoft/tunnel-kubernetes/pkg/k8s/k8s.go:495.38,499.2 3 0
github.com/khulnasoft/tunnel-kubernetes/pkg/k8s/k8s.go:501.111,503.16 2 0
github.com/khulnasoft/tunnel-kubernetes/pkg/k8s/k8s.go:503.16,505.3 1 0
github.com/khulnasoft/tunnel-kubernetes/pkg/k8s/k8s.go:506.2,514.16 2 0
github.com/khulnasoft/tunnel-kubernetes/pkg/k8s/k8s.go:517.64,519.16 2 0
github.com/khulnasoft/tunnel-kubernetes/pkg/k8s/k8s.go:519.16,521.3 1 0
github.com/khulnasoft/tunnel-kubernetes/pkg/k8s/k8s.go:522.2,523.30 2 0
github.com/khulnasoft/tunnel-kubernetes/pkg/k8s/k8s.go:523.30,525.3 1 0
github.com/khulnasoft/tunnel-kubernetes/pkg/k8s/k8s.go:526.2,527.16 2 0
github.com/khulnasoft/tunnel-kubernetes/pkg/k8s/k8s.go:527.16,529.3 1 0
github.com/khulnasoft/tunnel-kubernetes/pkg/k8s/k8s.go:530.2,530.45 1 0
github.com/khulnasoft/tunnel-kubernetes/pkg/k8s/k8s.go:534.135,535.17 1 0
github.com/khulnasoft/tunnel-kubernetes/pkg/k8s/k8s.go:535.17,537.3 1 0
github.com/khulnasoft/tunnel-kubernetes/pkg/k8s/k8s.go:538.2,541.81 3 0
github.com/khulnasoft/tunnel-kubernetes/pkg/k8s/k8s.go:541.81,543.3 1 0
github.com/khulnasoft/tunnel-kubernetes/pkg/k8s/k8s.go:544.2,547.16 3 0
github.com/khulnasoft/tunnel-kubernetes/pkg/k8s/k8s.go:547.16,549.3 1 0
github.com/khulnasoft/tunnel-kubernetes/pkg/k8s/k8s.go:551.2,551.55 1 0
github.com/khulnasoft/tunnel-kubernetes/pkg/k8s/k8s.go:554.132,556.30 2 0
github.com/khulnasoft/tunnel-kubernetes/pkg/k8s/k8s.go:556.30,558.3 1 0
github.com/khulnasoft/tunnel-kubernetes/pkg/k8s/k8s.go:559.2,560.16 2 0
github.com/khulnasoft/tunnel-kubernetes/pkg/k8s/k8s.go:560.16,562.3 1 0
github.com/khulnasoft/tunnel-kubernetes/pkg/k8s/k8s.go:563.2,563.16 1 0
github.com/khulnasoft/tunnel-kubernetes/pkg/k8s/k8s.go:566.141,569.33 2 0
github.com/khulnasoft/tunnel-kubernetes/pkg/k8s/k8s.go:569.33,571.17 2 0
github.com/khulnasoft/tunnel-kubernetes/pkg/k8s/k8s.go:571.17,572.67 1 0
github.com/khulnasoft/tunnel-kubernetes/pkg/k8s/k8s.go:572.67,573.13 1 0
github.com/khulnasoft/tunnel-kubernetes/pkg/k8s/k8s.go:575.4,575.88 1 0
github.com/khulnasoft/tunnel-kubernetes/pkg/k8s/k8s.go:577.3,577.36 1 0
github.com/khulnasoft/tunnel-kubernetes/pkg/k8s/k8s.go:579.2,579.21 1 0
github.com/khulnasoft/tunnel-kubernetes/pkg/k8s/k8s.go:584.130,586.42 2 0
github.com/khulnasoft/tunnel-kubernetes/pkg/k8s/k8s.go:586.42,590.22 3 0
github.com/khulnasoft/tunnel-kubernetes/pkg/k8s/k8s.go:591.42,592.67 1 0
github.com/khulnasoft/tunnel-kubernetes/pkg/k8s/k8s.go:593.35,595.19 2 0
github.com/khulnasoft/tunnel-kubernetes/pkg/k8s/k8s.go:596.11,597.12 1 0
github.com/khulnasoft/tunnel-kubernetes/pkg/k8s/k8s.go:602.3,602.23 1 0
github.com/khulnasoft/tunnel-kubernetes/pkg/k8s/k8s.go:602.23,603.12 1 0
github.com/khulnasoft/tunnel-kubernetes/pkg/k8s/k8s.go:605.3,607.17 3 0
github.com/khulnasoft/tunnel-kubernetes/pkg/k8s/k8s.go:607.17,609.4 1 0
github.com/khulnasoft/tunnel-kubernetes/pkg/k8s/k8s.go:610.3,610.49 1 0
github.com/khulnasoft/tunnel-kubernetes/pkg/k8s/k8s.go:610.49,612.18 2 0
github.com/khulnasoft/tunnel-kubernetes/pkg/k8s/k8s.go:612.18,614.5 1 0
github.com/khulnasoft/tunnel-kubernetes/pkg/k8s/k8s.go:615.4,615.56 1 0
github.com/khulnasoft/tunnel-kubernetes/pkg/k8s/k8s.go:615.56,619.5 3 0
github.com/khulnasoft/tunnel-kubernetes/pkg/k8s/k8s.go:619.10,621.5 1 0
github.com/khulnasoft/tunnel-kubernetes/pkg/k8s/k8s.go:624.2,624.19 1 0
github.com/khulnasoft/tunnel-kubernetes/pkg/k8s/k8s.go:629.106,634.16 4 0
github.com/khulnasoft/tunnel-kubernetes/pkg/k8s/k8s.go:634.16,636.3 1 0
github.com/khulnasoft/tunnel-kubernetes/pkg/k8s/k8s.go:637.2,637.35 1 0
github.com/khulnasoft/tunnel-kubernetes/pkg/k8s/k8s.go:637.35,639.3 1 0
github.com/khulnasoft/tunnel-kubernetes/pkg/k8s/k8s.go:640.2,640.30 1 0
github.com/khulnasoft/tunnel-kubernetes/pkg/k8s/k8s.go:640.30,641.89 1 0
github.com/khulnasoft/tunnel-kubernetes/pkg/k8s/k8s.go:641.89,642.45 1 0
github.com/khulnasoft/tunnel-kubernetes/pkg/k8s/k8s.go:642.45,644.5 1 0
github.com/khulnasoft/tunnel-kubernetes/pkg/k8s/k8s.go:648.2,648.17 1 0
github.com/khulnasoft/tunnel-kubernetes/pkg/k8s/k8s.go:651.64,653.28 2 0
github.com/khulnasoft/tunnel-kubernetes/pkg/k8s/k8s.go:653.28,654.38 1 0
github.com/khulnasoft/tunnel-kubernetes/pkg/k8s/k8s.go:654.38,656.4 1 0
github.com/khulnasoft/tunnel-kubernetes/pkg/k8s/k8s.go:658.2,658.24 1 0
github.com/khulnasoft/tunnel-kubernetes/pkg/k8s/k8s.go:661.72,662.41 1 0
github.com/khulnasoft/tunnel-kubernetes/pkg/k8s/k8s.go:662.41,664.58 2 0
github.com/khulnasoft/tunnel-kubernetes/pkg/k8s/k8s.go:664.58,666.4 1 0
github.com/khulnasoft/tunnel-kubernetes/pkg/k8s/k8s.go:668.2,668.11 1 0
github.com/khulnasoft/tunnel-kubernetes/pkg/k8s/k8s.go:671.80,672.22 1 0
github.com/khulnasoft/tunnel-kubernetes/pkg/k8s/k8s.go:673.15,675.17 2 0
github.com/khulnasoft/tunnel-kubernetes/pkg/k8s/k8s.go:675.17,677.4 1 0
github.com/khulnasoft/tunnel-kubernetes/pkg/k8s/k8s.go:678.3,678.10 1 0
github.com/khulnasoft/tunnel-kubernetes/pkg/k8s/k8s.go:678.10,680.4 1 0
github.com/khulnasoft/tunnel-kubernetes/pkg/k8s/k8s.go:681.3,681.33 1 0
github.com/khulnasoft/tunnel-kubernetes/pkg/k8s/k8s.go:682.19,684.17 2 0
github.com/khulnasoft/tunnel-kubernetes/pkg/k8s/k8s.go:684.17,686.4 1 0
github.com/khulnasoft/tunnel-kubernetes/pkg/k8s/k8s.go:687.3,687.10 1 0
github.com/khulnasoft/tunnel-kubernetes/pkg/k8s/k8s.go:687.10,689.4 1 0
github.com/khulnasoft/tunnel-kubernetes/pkg/k8s/k8s.go:690.3,690.33 1 0
github.com/khulnasoft/tunnel-kubernetes/pkg/k8s/k8s.go:691.106,693.17 2 0
github.com/khulnasoft/tunnel-kubernetes/pkg/k8s/k8s.go:693.17,695.4 1 0
github.com/khulnasoft/tunnel-kubernetes/pkg/k8s/k8s.go:696.3,696.10 1 0
github.com/khulnasoft/tunnel-kubernetes/pkg/k8s/k8s.go:696.10,698.4 1 0
github.com/khulnasoft/tunnel-kubernetes/pkg/k8s/k8s.go:699.3,699.33 1 0
github.com/khulnasoft/tunnel-kubernetes/pkg/k8s/k8s.go:700.10,701.18 1 0
github.com/khulnasoft/tunnel-kubernetes/pkg/k8s/k8s.go:705.78,708.43 3 0
github.com/khulnasoft/tunnel-kubernetes/pkg/k8s/k8s.go:708.43,710.3 1 0
github.com/khulnasoft/tunnel-kubernetes/pkg/k8s/k8s.go:711.2,711.16 1 0
github.com/khulnasoft/tunnel-kubernetes/pkg/k8s/k8s.go:714.102,716.16 2 0
github.com/khulnasoft/tunnel-kubernetes/pkg/k8s/k8s.go:716.16,718.3 1 0
github.com/khulnasoft/tunnel-kubernetes/pkg/k8s/k8s.go:719.2,721.16 3 0
github.com/khulnasoft/tunnel-kubernetes/pkg/k8s/k8s.go:721.16,723.3 1 0
github.com/khulnasoft/tunnel-kubernetes/pkg/k8s/k8s.go:724.2,724.25 1 0
github.com/khulnasoft/tunnel-kubernetes/pkg/k8s/k8s.go:727.49,728.47 1 1
github.com/khulnasoft/tunnel-kubernetes/pkg/k8s/k8s.go:728.47,729.52 1 1
github.com/khulnasoft/tunnel-kubernetes/pkg/k8s/k8s.go:729.52,730.58 1 3
github.com/khulnasoft/tunnel-kubernetes/pkg/k8s/k8s.go:730.58,732.5 1 1
github.com/khulnasoft/tunnel-kubernetes/pkg/k8s/k8s.go:735.2,735.11 1 0
github.com/khulnasoft/tunnel-kubernetes/pkg/k8s/k8s.go:738.50,739.48 1 1
github.com/khulnasoft/tunnel-kubernetes/pkg/k8s/k8s.go:739.48,741.3 1 1
github.com/khulnasoft/tunnel-kubernetes/pkg/k8s/k8s.go:742.2,742.18 1 0
github.com/khulnasoft/tunnel-kubernetes/pkg/k8s/k8s.go:745.61,746.31 1 1
github.com/khulnasoft/tunnel-kubernetes/pkg/k8s/k8s.go:746.31,748.3 1 2
github.com/khulnasoft/tunnel-kubernetes/pkg/k8s/k8s.go:749.2,749.35 1 1
github.com/khulnasoft/tunnel-kubernetes/pkg/k8s/k8s.go:752.54,753.22 1 1
github.com/khulnasoft/tunnel-kubernetes/pkg/k8s/k8s.go:753.22,755.3 1 1
github.com/khulnasoft/tunnel-kubernetes/pkg/k8s/k8s.go:756.2,757.71 2 0
github.com/khulnasoft/tunnel-kubernetes/pkg/k8s/k8s.go:757.71,759.3 1 0
github.com/khulnasoft/tunnel-kubernetes/pkg/k8s/k8s.go:760.2,760.11 1 0
github.com/khulnasoft/tunnel-kubernetes/pkg/k8s/docker/config.go:15.56,19.2 3 1
github.com/khulnasoft/tunnel-kubernetes/pkg/k8s/docker/config.go:21.55,24.2 1 1
github.com/khulnasoft/tunnel-kubernetes/pkg/k8s/docker/config.go:26.54,28.16 2 8
github.com/khulnasoft/tunnel-kubernetes/pkg/k8s/docker/config.go:28.16,30.3 1 0
github.com/khulnasoft/tunnel-kubernetes/pkg/k8s/docker/config.go:31.2,32.21 2 8
github.com/khulnasoft/tunnel-kubernetes/pkg/k8s/docker/config.go:32.21,34.3 1 1
github.com/khulnasoft/tunnel-kubernetes/pkg/k8s/docker/config.go:35.2,35.32 1 7
github.com/khulnasoft/tunnel-kubernetes/pkg/k8s/docker/config.go:38.36,40.2 1 0
github.com/khulnasoft/tunnel-kubernetes/pkg/k8s/docker/config.go:49.31,51.2 1 0
github.com/khulnasoft/tunnel-kubernetes/pkg/k8s/docker/config.go:58.61,59.14 1 8
github.com/khulnasoft/tunnel-kubernetes/pkg/k8s/docker/config.go:59.14,63.58 2 1
github.com/khulnasoft/tunnel-kubernetes/pkg/k8s/docker/config.go:63.58,65.4 1 0
github.com/khulnasoft/tunnel-kubernetes/pkg/k8s/docker/config.go:66.3,68.4 1 1
github.com/khulnasoft/tunnel-kubernetes/pkg/k8s/docker/config.go:69.8,70.53 1 7
github.com/khulnasoft/tunnel-kubernetes/pkg/k8s/docker/config.go:70.53,72.4 1 1
github.com/khulnasoft/tunnel-kubernetes/pkg/k8s/docker/config.go:74.2,76.12 3 7
github.com/khulnasoft/tunnel-kubernetes/pkg/k8s/docker/config.go:79.66,81.35 2 7
github.com/khulnasoft/tunnel-kubernetes/pkg/k8s/docker/config.go:81.35,82.24 1 9
github.com/khulnasoft/tunnel-kubernetes/pkg/k8s/docker/config.go:82.24,83.12 1 1
github.com/khulnasoft/tunnel-kubernetes/pkg/k8s/docker/config.go:86.3,86.50 1 8
github.com/khulnasoft/tunnel-kubernetes/pkg/k8s/docker/config.go:86.50,91.12 2 1
github.com/khulnasoft/tunnel-kubernetes/pkg/k8s/docker/config.go:94.3,95.17 2 7
github.com/khulnasoft/tunnel-kubernetes/pkg/k8s/docker/config.go:95.17,97.4 1 1
github.com/khulnasoft/tunnel-kubernetes/pkg/k8s/docker/config.go:99.3,103.4 1 6
github.com/khulnasoft/tunnel-kubernetes/pkg/k8s/docker/config.go:106.2,106.26 1 6
github.com/khulnasoft/tunnel-kubernetes/pkg/k8s/docker/config.go:109.41,111.16 2 0
github.com/khulnasoft/tunnel-kubernetes/pkg/k8s/docker/config.go:111.16,113.3 1 0
github.com/khulnasoft/tunnel-kubernetes/pkg/k8s/docker/config.go:114.2,114.19 1 0
github.com/khulnasoft/tunnel-kubernetes/pkg/k8s/docker/config.go:118.61,120.16 2 5
github.com/khulnasoft/tunnel-kubernetes/pkg/k8s/docker/config.go:120.16,122.3 1 0
github.com/khulnasoft/tunnel-kubernetes/pkg/k8s/docker/config.go:123.2,123.41 1 5
github.com/khulnasoft/tunnel-kubernetes/pkg/k8s/docker/config.go:130.61,132.80 1 7
github.com/khulnasoft/tunnel-kubernetes/pkg/k8s/docker/config.go:132.80,134.3 1 5
github.com/khulnasoft/tunnel-kubernetes/pkg/k8s/docker/config.go:136.2,137.16 2 7
github.com/khulnasoft/tunnel-kubernetes/pkg/k8s/docker/config.go:137.16,139.3 1 0
github.com/khulnasoft/tunnel-kubernetes/pkg/k8s/docker/config.go:141.2,141.25 1 7
github.com/khulnasoft/tunnel-kubernetes/utils/referance.go:10.67,11.43 1 2
github.com/khulnasoft/tunnel-kubernetes/utils/referance.go:11.43,13.17 2 1
github.com/khulnasoft/tunnel-kubernetes/utils/referance.go:13.17,15.4 1 0
github.com/khulnasoft/tunnel-kubernetes/utils/referance.go:16.3,16.24 1 1
github.com/khulnasoft/tunnel-kubernetes/utils/referance.go:18.2,18.43 1 2
github.com/khulnasoft/tunnel-kubernetes/pkg/tunnelk8s/tunnelk8s.go:60.52,61.25 1 0
github.com/khulnasoft/tunnel-kubernetes/pkg/tunnelk8s/tunnelk8s.go:61.25,63.3 1 0
github.com/khulnasoft/tunnel-kubernetes/pkg/tunnelk8s/tunnelk8s.go:67.87,69.27 2 0
github.com/khulnasoft/tunnel-kubernetes/pkg/tunnelk8s/tunnelk8s.go:69.27,71.3 1 0
github.com/khulnasoft/tunnel-kubernetes/pkg/tunnelk8s/tunnelk8s.go:72.2,72.10 1 0
github.com/khulnasoft/tunnel-kubernetes/pkg/tunnelk8s/tunnelk8s.go:76.56,79.2 2 0
github.com/khulnasoft/tunnel-kubernetes/pkg/tunnelk8s/tunnelk8s.go:82.44,85.2 2 0
github.com/khulnasoft/tunnel-kubernetes/pkg/tunnelk8s/tunnelk8s.go:88.56,89.25 1 0
github.com/khulnasoft/tunnel-kubernetes/pkg/tunnelk8s/tunnelk8s.go:89.25,91.3 1 0
github.com/khulnasoft/tunnel-kubernetes/pkg/tunnelk8s/tunnelk8s.go:93.2,95.10 2 0
github.com/khulnasoft/tunnel-kubernetes/pkg/tunnelk8s/tunnelk8s.go:98.61,99.66 1 0
github.com/khulnasoft/tunnel-kubernetes/pkg/tunnelk8s/tunnelk8s.go:99.66,101.3 1 0
github.com/khulnasoft/tunnel-kubernetes/pkg/tunnelk8s/tunnelk8s.go:102.2,102.14 1 0
github.com/khulnasoft/tunnel-kubernetes/pkg/tunnelk8s/tunnelk8s.go:106.84,111.16 4 0
github.com/khulnasoft/tunnel-kubernetes/pkg/tunnelk8s/tunnelk8s.go:111.16,113.3 1 0
github.com/khulnasoft/tunnel-kubernetes/pkg/tunnelk8s/tunnelk8s.go:115.2,115.27 1 0
github.com/khulnasoft/tunnel-kubernetes/pkg/tunnelk8s/tunnelk8s.go:115.27,119.17 3 0
github.com/khulnasoft/tunnel-kubernetes/pkg/tunnelk8s/tunnelk8s.go:119.17,122.30 2 0
github.com/khulnasoft/tunnel-kubernetes/pkg/tunnelk8s/tunnelk8s.go:122.30,125.13 2 0
github.com/khulnasoft/tunnel-kubernetes/pkg/tunnelk8s/tunnelk8s.go:128.4,128.20 1 0
github.com/khulnasoft/tunnel-kubernetes/pkg/tunnelk8s/tunnelk8s.go:131.3,131.44 1 0
github.com/khulnasoft/tunnel-kubernetes/pkg/tunnelk8s/tunnelk8s.go:131.44,133.109 2 0
github.com/khulnasoft/tunnel-kubernetes/pkg/tunnelk8s/tunnelk8s.go:133.109,135.19 2 0
github.com/khulnasoft/tunnel-kubernetes/pkg/tunnelk8s/tunnelk8s.go:135.19,136.14 1 0
github.com/khulnasoft/tunnel-kubernetes/pkg/tunnelk8s/tunnelk8s.go:139.4,139.34 1 0
github.com/khulnasoft/tunnel-kubernetes/pkg/tunnelk8s/tunnelk8s.go:139.34,140.13 1 0
github.com/khulnasoft/tunnel-kubernetes/pkg/tunnelk8s/tunnelk8s.go:144.4,144.46 1 0
github.com/khulnasoft/tunnel-kubernetes/pkg/tunnelk8s/tunnelk8s.go:144.46,145.13 1 0
github.com/khulnasoft/tunnel-kubernetes/pkg/tunnelk8s/tunnelk8s.go:148.4,149.18 2 0
github.com/khulnasoft/tunnel-kubernetes/pkg/tunnelk8s/tunnelk8s.go:149.18,151.5 1 0
github.com/khulnasoft/tunnel-kubernetes/pkg/tunnelk8s/tunnelk8s.go:152.4,153.18 2 0
github.com/khulnasoft/tunnel-kubernetes/pkg/tunnelk8s/tunnelk8s.go:153.18,155.5 1 0
github.com/khulnasoft/tunnel-kubernetes/pkg/tunnelk8s/tunnelk8s.go:157.4,157.49 1 0
github.com/khulnasoft/tunnel-kubernetes/pkg/tunnelk8s/tunnelk8s.go:160.2,160.17 1 0
github.com/khulnasoft/tunnel-kubernetes/pkg/tunnelk8s/tunnelk8s.go:160.17,162.17 2 0
github.com/khulnasoft/tunnel-kubernetes/pkg/tunnelk8s/tunnelk8s.go:162.17,164.4 1 0
github.com/khulnasoft/tunnel-kubernetes/pkg/tunnelk8s/tunnelk8s.go:165.3,165.55 1 0
github.com/khulnasoft/tunnel-kubernetes/pkg/tunnelk8s/tunnelk8s.go:167.2,167.26 1 0
github.com/khulnasoft/tunnel-kubernetes/pkg/tunnelk8s/tunnelk8s.go:179.74,180.25 1 0
github.com/khulnasoft/tunnel-kubernetes/pkg/tunnelk8s/tunnelk8s.go:180.25,182.3 1 0
github.com/khulnasoft/tunnel-kubernetes/pkg/tunnelk8s/tunnelk8s.go:185.75,186.25 1 0
github.com/khulnasoft/tunnel-kubernetes/pkg/tunnelk8s/tunnelk8s.go:186.25,188.3 1 0
github.com/khulnasoft/tunnel-kubernetes/pkg/tunnelk8s/tunnelk8s.go:191.65,192.25 1 0
github.com/khulnasoft/tunnel-kubernetes/pkg/tunnelk8s/tunnelk8s.go:192.25,194.3 1 0
github.com/khulnasoft/tunnel-kubernetes/pkg/tunnelk8s/tunnelk8s.go:197.63,198.25 1 0
github.com/khulnasoft/tunnel-kubernetes/pkg/tunnelk8s/tunnelk8s.go:198.25,200.3 1 0
github.com/khulnasoft/tunnel-kubernetes/pkg/tunnelk8s/tunnelk8s.go:205.62,206.27 1 0
github.com/khulnasoft/tunnel-kubernetes/pkg/tunnelk8s/tunnelk8s.go:206.27,208.3 1 0
github.com/khulnasoft/tunnel-kubernetes/pkg/tunnelk8s/tunnelk8s.go:209.2,210.16 2 0
github.com/khulnasoft/tunnel-kubernetes/pkg/tunnelk8s/tunnelk8s.go:210.16,212.3 1 0
github.com/khulnasoft/tunnel-kubernetes/pkg/tunnelk8s/tunnelk8s.go:213.2,231.40 4 0
github.com/khulnasoft/tunnel-kubernetes/pkg/tunnelk8s/tunnelk8s.go:231.40,232.30 1 0
github.com/khulnasoft/tunnel-kubernetes/pkg/tunnelk8s/tunnelk8s.go:232.30,233.12 1 0
github.com/khulnasoft/tunnel-kubernetes/pkg/tunnelk8s/tunnelk8s.go:235.3,235.64 1 0
github.com/khulnasoft/tunnel-kubernetes/pkg/tunnelk8s/tunnelk8s.go:235.64,236.12 1 0
github.com/khulnasoft/tunnel-kubernetes/pkg/tunnelk8s/tunnelk8s.go:239.3,246.17 4 0
github.com/khulnasoft/tunnel-kubernetes/pkg/tunnelk8s/tunnelk8s.go:246.17,248.4 1 0
github.com/khulnasoft/tunnel-kubernetes/pkg/tunnelk8s/tunnelk8s.go:249.3,251.17 3 0
github.com/khulnasoft/tunnel-kubernetes/pkg/tunnelk8s/tunnelk8s.go:251.17,253.4 1 0
github.com/khulnasoft/tunnel-kubernetes/pkg/tunnelk8s/tunnelk8s.go:254.3,254.121 1 0
github.com/khulnasoft/tunnel-kubernetes/pkg/tunnelk8s/tunnelk8s.go:256.2,256.26 1 0
github.com/khulnasoft/tunnel-kubernetes/pkg/tunnelk8s/tunnelk8s.go:260.89,263.16 2 0
github.com/khulnasoft/tunnel-kubernetes/pkg/tunnelk8s/tunnelk8s.go:263.16,265.3 1 0
github.com/khulnasoft/tunnel-kubernetes/pkg/tunnelk8s/tunnelk8s.go:266.2,266.26 1 0
github.com/khulnasoft/tunnel-kubernetes/pkg/tunnelk8s/tunnelk8s.go:270.67,272.33 2 0
github.com/khulnasoft/tunnel-kubernetes/pkg/tunnelk8s/tunnelk8s.go:272.33,274.17 2 0
github.com/khulnasoft/tunnel-kubernetes/pkg/tunnelk8s/tunnelk8s.go:274.17,276.4 1 0
github.com/khulnasoft/tunnel-kubernetes/pkg/tunnelk8s/tunnelk8s.go:277.3,277.155 1 0
github.com/khulnasoft/tunnel-kubernetes/pkg/tunnelk8s/tunnelk8s.go:279.2,279.33 1 0
github.com/khulnasoft/tunnel-kubernetes/pkg/tunnelk8s/tunnelk8s.go:279.33,281.17 2 0
github.com/khulnasoft/tunnel-kubernetes/pkg/tunnelk8s/tunnelk8s.go:281.17,283.4 1 0
github.com/khulnasoft/tunnel-kubernetes/pkg/tunnelk8s/tunnelk8s.go:284.3,284.128 1 0
github.com/khulnasoft/tunnel-kubernetes/pkg/tunnelk8s/tunnelk8s.go:286.2,287.16 2 0
github.com/khulnasoft/tunnel-kubernetes/pkg/tunnelk8s/tunnelk8s.go:287.16,289.3 1 0
github.com/khulnasoft/tunnel-kubernetes/pkg/tunnelk8s/tunnelk8s.go:290.2,291.26 2 0
github.com/khulnasoft/tunnel-kubernetes/pkg/tunnelk8s/tunnelk8s.go:294.72,296.16 2 0
github.com/khulnasoft/tunnel-kubernetes/pkg/tunnelk8s/tunnelk8s.go:296.16,298.3 1 0
github.com/khulnasoft/tunnel-kubernetes/pkg/tunnelk8s/tunnelk8s.go:299.2,301.16 3 0
github.com/khulnasoft/tunnel-kubernetes/pkg/tunnelk8s/tunnelk8s.go:301.16,303.3 1 0
github.com/khulnasoft/tunnel-kubernetes/pkg/tunnelk8s/tunnelk8s.go:304.2,304.25 1 0
github.com/khulnasoft/tunnel-kubernetes/pkg/tunnelk8s/tunnelk8s.go:308.99,310.16 2 0
github.com/khulnasoft/tunnel-kubernetes/pkg/tunnelk8s/tunnelk8s.go:310.16,312.3 1 0
github.com/khulnasoft/tunnel-kubernetes/pkg/tunnelk8s/tunnelk8s.go:314.2,316.16 3 0
github.com/khulnasoft/tunnel-kubernetes/pkg/tunnelk8s/tunnelk8s.go:316.16,318.3 1 0
github.com/khulnasoft/tunnel-kubernetes/pkg/tunnelk8s/tunnelk8s.go:319.2,320.16 2 0
github.com/khulnasoft/tunnel-kubernetes/pkg/tunnelk8s/tunnelk8s.go:320.16,322.3 1 0
github.com/khulnasoft/tunnel-kubernetes/pkg/tunnelk8s/tunnelk8s.go:323.2,324.16 2 0
github.com/khulnasoft/tunnel-kubernetes/pkg/tunnelk8s/tunnelk8s.go:324.16,326.3 1 0
github.com/khulnasoft/tunnel-kubernetes/pkg/tunnelk8s/tunnelk8s.go:328.2,328.22 1 0
github.com/khulnasoft/tunnel-kubernetes/pkg/tunnelk8s/tunnelk8s.go:331.94,336.57 2 0
github.com/khulnasoft/tunnel-kubernetes/pkg/tunnelk8s/tunnelk8s.go:336.57,338.3 1 0
github.com/khulnasoft/tunnel-kubernetes/pkg/tunnelk8s/tunnelk8s.go:340.2,340.53 1 0
github.com/khulnasoft/tunnel-kubernetes/pkg/tunnelk8s/tunnelk8s.go:345.74,348.34 1 0
github.com/khulnasoft/tunnel-kubernetes/pkg/tunnelk8s/tunnelk8s.go:348.34,350.3 1 0
github.com/khulnasoft/tunnel-kubernetes/pkg/tunnelk8s/tunnelk8s.go:352.2,352.26 1 0
github.com/khulnasoft/tunnel-kubernetes/pkg/tunnelk8s/tunnelk8s.go:352.26,354.3 1 0
github.com/khulnasoft/tunnel-kubernetes/pkg/tunnelk8s/tunnelk8s.go:356.2,356.29 1 0
github.com/khulnasoft/tunnel-kubernetes/pkg/tunnelk8s/tunnelk8s.go:359.68,360.54 1 0
github.com/khulnasoft/tunnel-kubernetes/pkg/tunnelk8s/tunnelk8s.go:360.54,361.36 1 0
github.com/khulnasoft/tunnel-kubernetes/pkg/tunnelk8s/tunnelk8s.go:361.36,363.4 1 0
github.com/khulnasoft/tunnel-kubernetes/pkg/tunnelk8s/tunnelk8s.go:366.2,366.14 1 0
github.com/khulnasoft/tunnel-kubernetes/pkg/tunnelk8s/tunnelk8s.go:370.67,373.16 3 0
github.com/khulnasoft/tunnel-kubernetes/pkg/tunnelk8s/tunnelk8s.go:373.16,375.3 1 0
github.com/khulnasoft/tunnel-kubernetes/pkg/tunnelk8s/tunnelk8s.go:376.2,376.51 1 0
github.com/khulnasoft/tunnel-kubernetes/pkg/tunnelk8s/tunnelk8s.go:376.51,377.41 1 0
github.com/khulnasoft/tunnel-kubernetes/pkg/tunnelk8s/tunnelk8s.go:377.41,378.48 1 0
github.com/khulnasoft/tunnel-kubernetes/pkg/tunnelk8s/tunnelk8s.go:378.48,380.5 1 0
github.com/khulnasoft/tunnel-kubernetes/pkg/tunnelk8s/tunnelk8s.go:383.2,383.13 1 0
github.com/khulnasoft/tunnel-kubernetes/pkg/tunnelk8s/tunnelk8s.go:386.91,387.28 1 3
github.com/khulnasoft/tunnel-kubernetes/pkg/tunnelk8s/tunnelk8s.go:387.28,389.3 1 1
github.com/khulnasoft/tunnel-kubernetes/pkg/tunnelk8s/tunnelk8s.go:390.2,391.37 2 2
github.com/khulnasoft/tunnel-kubernetes/pkg/tunnelk8s/tunnelk8s.go:391.37,392.58 1 3
github.com/khulnasoft/tunnel-kubernetes/pkg/tunnelk8s/tunnelk8s.go:392.58,394.4 1 2
github.com/khulnasoft/tunnel-kubernetes/pkg/tunnelk8s/tunnelk8s.go:396.2,396.44 1 2
